-854.515320 2.854366e-02
-852.515320 2.848683e-02
-850.515320 2.842994e-02
-848.515320 2.837298e-02
-846.515320 2.831595e-02
-844.515320 2.825886e-02
-842.515320 2.820170e-02
-840.515320 2.814448e-02
-838.515320 2.808720e-02
-836.515320 2.802985e-02
-834.515320 2.797245e-02
-832.515320 2.791498e-02
-830.515320 2.785745e-02
-828.515320 2.779987e-02
-826.515320 2.774223e-02
-824.515320 2.768453e-02
-822.515320 2.762678e-02
-820.515320 2.756896e-02
-818.515320 2.751110e-02
-816.515320 2.745318e-02
-814.515320 2.739520e-02
-812.515320 2.733717e-02
-810.515320 2.727909e-02
-808.515320 2.722095e-02
-806.515320 2.716232e-02
-804.515320 2.710409e-02
-802.515320 2.704582e-02
-800.515320 2.698748e-02
-798.515320 2.692910e-02
-796.515320 2.687068e-02
-794.515320 2.681221e-02
-792.515320 2.675370e-02
-790.515320 2.669513e-02
-788.515320 2.663653e-02
-786.515320 2.657789e-02
-784.515320 2.651919e-02
-782.515320 2.646046e-02
-780.515320 2.640169e-02
-778.515320 2.634287e-02
-776.515320 2.628401e-02
-774.515320 2.622510e-02
-772.515320 2.616616e-02
-770.515320 2.610718e-02
-768.515320 2.604815e-02
-766.515320 2.598910e-02
-764.515320 2.593000e-02
-762.515320 2.587085e-02
-760.515320 2.581168e-02
-758.515320 2.575247e-02
-756.515320 2.569322e-02
-754.515320 2.563394e-02
-752.515320 2.557462e-02
-750.515320 2.551528e-02
-748.515320 2.545591e-02
-746.515320 2.539649e-02
-744.515320 2.533705e-02
-742.515320 2.527758e-02
-740.515320 2.521807e-02
-738.515320 2.515855e-02
-736.515320 2.509898e-02
-734.515320 2.503939e-02
-732.515320 2.497977e-02
-730.515320 2.492012e-02
-728.515320 2.486046e-02
-726.515320 2.480076e-02
-724.515320 2.474103e-02
-722.515320 2.468129e-02
-720.515320 2.462153e-02
-718.515320 2.456174e-02
-716.515320 2.450193e-02
-714.515320 2.444211e-02
-712.515320 2.438227e-02
-710.515320 2.432241e-02
-708.515320 2.426253e-02
-706.515320 2.420264e-02
-704.515320 2.414273e-02
-702.515320 2.408281e-02
-700.515320 2.402287e-02
-698.515320 2.396291e-02
-696.515320 2.390296e-02
-694.515320 2.384298e-02
-692.515320 2.378299e-02
-690.515320 2.372300e-02
-688.515320 2.366300e-02
-686.515320 2.360299e-02
-684.515320 2.354298e-02
-682.515320 2.348296e-02
-680.515320 2.342294e-02
-678.515320 2.336290e-02
-676.515320 2.330251e-02
-674.515320 2.324249e-02
-672.515320 2.318245e-02
-670.515320 2.312243e-02
-668.515320 2.306240e-02
-666.515320 2.300237e-02
-664.515320 2.294235e-02
-662.515320 2.288232e-02
-660.515320 2.282230e-02
-658.515320 2.276229e-02
-656.515320 2.270226e-02
-654.515320 2.264225e-02
-652.515320 2.258224e-02
-650.515320 2.252222e-02
-648.515320 2.246222e-02
-646.515320 2.240222e-02
-644.515320 2.234222e-02
-642.515320 2.228223e-02
-640.515320 2.222223e-02
-638.515320 2.216224e-02
-636.515320 2.210226e-02
-634.515320 2.204228e-02
-632.515320 2.198232e-02
-630.515320 2.192235e-02
-628.515320 2.186239e-02
-626.515320 2.180243e-02
-624.515320 2.174246e-02
-622.515320 2.168251e-02
-620.515320 2.162255e-02
-618.515320 2.156259e-02
-616.515320 2.150264e-02
-614.515320 2.144268e-02
-612.515320 2.138273e-02
-610.515320 2.132278e-02
-608.515320 2.126282e-02
-606.515320 2.120287e-02
-604.515320 2.114291e-02
-602.515320 2.108295e-02
-600.515320 2.102299e-02
-598.515320 2.096303e-02
-596.515320 2.090306e-02
-594.515320 2.084309e-02
-592.515320 2.078312e-02
-590.515320 2.072315e-02
-588.515320 2.066316e-02
-586.515320 2.060316e-02
-584.515320 2.054317e-02
-582.515320 2.048316e-02
-580.515320 2.042315e-02
-578.515320 2.036313e-02
-576.515320 2.030309e-02
-574.515320 2.024306e-02
-572.515320 2.018301e-02
-570.515320 2.012295e-02
-568.515320 2.006289e-02
-566.515320 2.000280e-02
-564.515320 1.994271e-02
-562.515320 1.988262e-02
-560.515320 1.982252e-02
-558.515320 1.976241e-02
-556.515320 1.970229e-02
-554.515320 1.964216e-02
-552.515320 1.958203e-02
-550.515320 1.952188e-02
-548.515320 1.946173e-02
-546.515320 1.940128e-02
-544.515320 1.934112e-02
-542.515320 1.928095e-02
-540.515320 1.922078e-02
-538.515320 1.916060e-02
-536.515320 1.910043e-02
-534.515320 1.904024e-02
-532.515320 1.898005e-02
-530.515320 1.891986e-02
-528.515320 1.885966e-02
-526.515320 1.879947e-02
-524.515320 1.873926e-02
-522.515320 1.867906e-02
-520.515320 1.861887e-02
-518.515320 1.855866e-02
-516.515320 1.849847e-02
-514.515320 1.843829e-02
-512.515320 1.837809e-02
-510.515320 1.831792e-02
-508.515320 1.825775e-02
-506.515320 1.819758e-02
-504.515320 1.813744e-02
-502.515320 1.807729e-02
-500.515320 1.801717e-02
-498.515320 1.795707e-02
-496.515320 1.789696e-02
-494.515320 1.783689e-02
-492.515320 1.777683e-02
-490.515320 1.771678e-02
-488.515320 1.765676e-02
-486.515320 1.759676e-02
-484.515320 1.753678e-02
-482.515320 1.747683e-02
-480.515320 1.741689e-02
-478.515320 1.735700e-02
-476.515320 1.729713e-02
-474.515320 1.723729e-02
-472.515320 1.717749e-02
-470.515320 1.711772e-02
-468.515320 1.705799e-02
-466.515320 1.699830e-02
-464.515320 1.693864e-02
-462.515320 1.687928e-02
-460.515320 1.682045e-02
-458.515320 1.676166e-02
-456.515320 1.670291e-02
-454.515320 1.664420e-02
-452.515320 1.658553e-02
-450.515320 1.652690e-02
-448.515320 1.646832e-02
-446.515320 1.640979e-02
-444.515320 1.635130e-02
-442.515320 1.629286e-02
-440.515320 1.623448e-02
-438.515320 1.617614e-02
-436.515320 1.611787e-02
-434.515320 1.605964e-02
-432.515320 1.600147e-02
-430.515320 1.594337e-02
-428.515320 1.588531e-02
-426.515320 1.582733e-02
-424.515320 1.576942e-02
-422.515320 1.571157e-02
-420.515320 1.565379e-02
-418.515320 1.559608e-02
-416.515320 1.553844e-02
-414.515320 1.548088e-02
-412.515320 1.542338e-02
-410.515320 1.536596e-02
-408.515320 1.530863e-02
-406.515320 1.525136e-02
-404.515320 1.519417e-02
-402.515320 1.513706e-02
-400.515320 1.508003e-02
-398.515320 1.502309e-02
-396.515320 1.496622e-02
-394.515320 1.490943e-02
-392.515320 1.485274e-02
-390.515320 1.479612e-02
-388.515320 1.473959e-02
-386.515320 1.468315e-02
-384.515320 1.462680e-02
-382.515320 1.457054e-02
-380.515320 1.451437e-02
-378.515320 1.445830e-02
-376.515320 1.440232e-02
-374.515320 1.434642e-02
-372.515320 1.429063e-02
-370.515320 1.423493e-02
-368.515320 1.417933e-02
-366.515320 1.412383e-02
-364.515320 1.406842e-02
-362.515320 1.401312e-02
-360.515320 1.395792e-02
-358.515320 1.390282e-02
-356.515320 1.384782e-02
-354.515320 1.379293e-02
-352.515320 1.373814e-02
-350.515320 1.368346e-02
-348.515320 1.362889e-02
-346.515320 1.357443e-02
-344.515320 1.352008e-02
-342.515320 1.346583e-02
-340.515320 1.341171e-02
-338.515320 1.335770e-02
-336.515320 1.330380e-02
-334.515320 1.325002e-02
-332.515320 1.319636e-02
-330.515320 1.314281e-02
-328.515320 1.308939e-02
-326.515320 1.303608e-02
-324.515320 1.298290e-02
-322.515320 1.292985e-02
-320.515320 1.287691e-02
-318.515320 1.282411e-02
-316.515320 1.277143e-02
-314.515320 1.271888e-02
-312.515320 1.266646e-02
-310.515320 1.261417e-02
-308.515320 1.256202e-02
-306.515320 1.251000e-02
-304.515320 1.245812e-02
-302.515320 1.240638e-02
-300.515320 1.235477e-02
-298.515320 1.230330e-02
-296.515320 1.225198e-02
-294.515320 1.220079e-02
-292.515320 1.214975e-02
-290.515320 1.209886e-02
-288.515320 1.204811e-02
-286.515320 1.199752e-02
-284.515320 1.194706e-02
-282.515320 1.189676e-02
-280.515320 1.184661e-02
-278.515320 1.179661e-02
-276.515320 1.174677e-02
-274.515320 1.169708e-02
-272.515320 1.164754e-02
-270.515320 1.159817e-02
-268.515320 1.154895e-02
-266.515320 1.149989e-02
-264.515320 1.145100e-02
-262.515320 1.140226e-02
-260.515320 1.135369e-02
-258.515320 1.130528e-02
-256.515320 1.125704e-02
-254.515320 1.120897e-02
-252.515320 1.116105e-02
-250.515320 1.111331e-02
-248.515320 1.106573e-02
-246.515320 1.101832e-02
-244.515320 1.097109e-02
-242.515320 1.092402e-02
-240.515320 1.087713e-02
-238.515320 1.083041e-02
-236.515320 1.078385e-02
-234.515320 1.073748e-02
-232.515320 1.069129e-02
-230.515320 1.064526e-02
-228.515320 1.059941e-02
-226.515320 1.055374e-02
-224.515320 1.050824e-02
-222.515320 1.046293e-02
-220.515320 1.041778e-02
-218.515320 1.037281e-02
-216.515320 1.032803e-02
-214.515320 1.028342e-02
-212.515320 1.023899e-02
-210.515320 1.019474e-02
-208.515320 1.015067e-02
-206.515320 1.010678e-02
-204.515320 1.006306e-02
-202.515320 1.001953e-02
-200.515320 9.976182e-03
-198.515320 9.933009e-03
-196.515320 9.890022e-03
-194.515320 9.847210e-03
-192.515320 9.804580e-03
-190.515320 9.762135e-03
-188.515320 9.719862e-03
-186.515320 9.677775e-03
-184.515320 9.635867e-03
-182.515320 9.594138e-03
-180.515320 9.552600e-03
-178.515320 9.511238e-03
-176.515320 9.470062e-03
-174.515320 9.429078e-03
-172.515320 9.388271e-03
-170.515320 9.347658e-03
-168.515320 9.307233e-03
-166.515320 9.266994e-03
-164.515320 9.226954e-03
-162.515320 9.187103e-03
-160.515320 9.147455e-03
-158.515320 9.108014e-03
-156.515320 9.068763e-03
-154.515320 9.029723e-03
-152.515320 8.990890e-03
-150.515320 8.952260e-03
-148.515320 8.913846e-03
-146.515320 8.875640e-03
-144.515320 8.837650e-03
-142.515320 8.799886e-03
-140.515320 8.762335e-03
-138.515320 8.725015e-03
-136.515320 8.687925e-03
-134.515320 8.651065e-03
-132.515320 8.614446e-03
-130.515320 8.578067e-03
-128.515320 8.541940e-03
-126.515320 8.506074e-03
-124.515320 8.470460e-03
-122.515320 8.435119e-03
-120.515320 8.400049e-03
-118.515320 8.365251e-03
-116.515320 8.330738e-03
-114.515320 8.296507e-03
-112.515320 8.262570e-03
-110.515320 8.228933e-03
-108.515320 8.195591e-03
-106.515320 8.162565e-03
-104.515320 8.129855e-03
-102.515320 8.097466e-03
-100.515320 8.065415e-03
-98.515320 8.033699e-03
-96.515320 8.002335e-03
-94.515320 7.971337e-03
-92.515320 7.940702e-03
-90.515320 7.910453e-03
-88.515320 7.880592e-03
-86.515320 7.851127e-03
-84.515320 7.822077e-03
-82.515320 7.793440e-03
-80.515320 7.765232e-03
-78.515320 7.737466e-03
-76.515320 7.710139e-03
-74.515320 7.683274e-03
-72.515320 7.656875e-03
-70.515320 7.630948e-03
-68.515320 7.605511e-03
-66.515320 7.580563e-03
-64.515320 7.556119e-03
-62.515320 7.532191e-03
-60.515320 7.508779e-03
-58.515320 7.485903e-03
-56.515320 7.463570e-03
-54.515320 7.441789e-03
-52.515320 7.420573e-03
-50.515320 7.399927e-03
-48.515320 7.379867e-03
-46.515320 7.360404e-03
-44.515320 7.341540e-03
-42.515320 7.323293e-03
-40.515320 7.305671e-03
-38.515320 7.288682e-03
-36.515320 7.272343e-03
-34.515320 7.256657e-03
-32.515320 7.241637e-03
-30.515320 7.227292e-03
-28.515320 7.213622e-03
-26.515320 7.200644e-03
-24.515320 7.188358e-03
-22.515320 7.176772e-03
-20.515320 7.165898e-03
-18.515320 7.155737e-03
-16.515320 7.146300e-03
-14.515320 7.137596e-03
-12.515320 7.129627e-03
-10.515320 7.122405e-03
-8.515320 7.115935e-03
-6.515320 7.110223e-03
-4.515320 7.105281e-03
-2.515320 7.101110e-03
-0.515320 7.097722e-03
1.484680 7.095126e-03
3.484680 7.093314e-03
5.484680 7.092292e-03
7.484680 7.092056e-03
9.484680 7.092603e-03
11.484680 7.093936e-03
13.484680 7.096045e-03
15.484680 7.098934e-03
17.484680 7.102600e-03
19.484680 7.107038e-03
21.484680 7.112251e-03
23.484680 7.118233e-03
25.484680 7.124984e-03
27.484680 7.132505e-03
29.484680 7.140786e-03
31.484680 7.149831e-03
33.484680 7.159640e-03
35.484680 7.170204e-03
37.484680 7.181525e-03
39.484680 7.193590e-03
41.484680 7.206391e-03
43.484680 7.219922e-03
45.484680 7.234167e-03
47.484680 7.249125e-03
49.484680 7.264788e-03
51.484680 7.281140e-03
53.484680 7.298181e-03
55.484680 7.315900e-03
57.484680 7.334287e-03
59.484680 7.353340e-03
61.484680 7.373041e-03
63.484680 7.393389e-03
65.484680 7.414377e-03
67.484680 7.435988e-03
69.484680 7.458225e-03
71.484680 7.481069e-03
73.484680 7.504515e-03
75.484680 7.528556e-03
77.484680 7.553170e-03
79.484680 7.578355e-03
81.484680 7.604096e-03
83.484680 7.630378e-03
85.484680 7.657197e-03
87.484680 7.684536e-03
89.484680 7.712384e-03
91.484680 7.740739e-03
93.484680 7.769574e-03
95.484680 7.798889e-03
97.484680 7.828674e-03
99.484680 7.858908e-03
101.484680 7.889590e-03
103.484680 7.920703e-03
105.484680 7.952238e-03
107.484680 7.984192e-03
109.484680 8.016540e-03
111.484680 8.049285e-03
113.484680 8.082419e-03
115.484680 8.115923e-03
117.484680 8.149796e-03
119.484680 8.184023e-03
121.484680 8.218598e-03
123.484680 8.253520e-03
125.484680 8.288766e-03
127.484680 8.324343e-03
129.484680 8.360240e-03
131.484680 8.396441e-03
133.484680 8.432950e-03
135.484680 8.469751e-03
137.484680 8.506841e-03
139.484680 8.544217e-03
141.484680 8.581861e-03
143.484680 8.619781e-03
145.484680 8.657968e-03
147.484680 8.696412e-03
149.484680 8.735117e-03
151.484680 8.774067e-03
153.484680 8.813266e-03
155.484680 8.852710e-03
157.484680 8.892384e-03
159.484680 8.932298e-03
161.484680 8.972443e-03
163.484680 9.012809e-03
165.484680 9.053405e-03
167.484680 9.094217e-03
169.484680 9.135245e-03
171.484680 9.176493e-03
173.484680 9.217942e-03
175.484680 9.259605e-03
177.484680 9.301476e-03
179.484680 9.343544e-03
181.484680 9.385823e-03
183.484680 9.428298e-03
185.484680 9.470969e-03
187.484680 9.513846e-03
189.484680 9.556909e-03
191.484680 9.600172e-03
193.484680 9.643627e-03
195.484680 9.687272e-03
197.484680 9.731113e-03
199.484680 9.775141e-03
201.484680 9.819360e-03
203.484680 9.863775e-03
205.484680 9.908372e-03
207.484680 9.953162e-03
209.484680 9.998140e-03
211.484680 1.004330e-02
213.484680 1.008866e-02
215.484680 1.013420e-02
217.484680 1.017992e-02
219.484680 1.022584e-02
221.484680 1.027194e-02
223.484680 1.031822e-02
225.484680 1.036469e-02
227.484680 1.041134e-02
229.484680 1.045818e-02
231.484680 1.050520e-02
233.484680 1.055241e-02
235.484680 1.059981e-02
237.484680 1.064739e-02
239.484680 1.069517e-02
241.484680 1.074313e-02
243.484680 1.079128e-02
245.484680 1.083962e-02
247.484680 1.088814e-02
249.484680 1.093685e-02
251.484680 1.098574e-02
253.484680 1.103481e-02
255.484680 1.108406e-02
257.484680 1.113350e-02
259.484680 1.118311e-02
261.484680 1.123291e-02
263.484680 1.128288e-02
265.484680 1.133303e-02
267.484680 1.138337e-02
269.484680 1.143387e-02
271.484680 1.148454e-02
273.484680 1.153539e-02
275.484680 1.158640e-02
277.484680 1.163758e-02
279.484680 1.168893e-02
281.484680 1.174044e-02
283.484680 1.179213e-02
285.484680 1.184396e-02
287.484680 1.189596e-02
289.484680 1.194813e-02
291.484680 1.200045e-02
293.484680 1.205293e-02
295.484680 1.210557e-02
297.484680 1.215836e-02
299.484680 1.221131e-02
301.484680 1.226441e-02
303.484680 1.231767e-02
305.484680 1.237109e-02
307.484680 1.242465e-02
309.484680 1.247838e-02
311.484680 1.253224e-02
313.484680 1.258625e-02
315.484680 1.264040e-02
317.484680 1.269470e-02
319.484680 1.274914e-02
321.484680 1.280372e-02
323.484680 1.285844e-02
325.484680 1.291330e-02
327.484680 1.296830e-02
329.484680 1.302343e-02
331.484680 1.307871e-02
333.484680 1.313410e-02
335.484680 1.318965e-02
337.484680 1.324533e-02
339.484680 1.330114e-02
341.484680 1.335710e-02
343.484680 1.341319e-02
345.484680 1.346941e-02
347.484680 1.352577e-02
349.484680 1.358224e-02
351.484680 1.363886e-02
353.484680 1.369559e-02
355.484680 1.375245e-02
357.484680 1.380944e-02
359.484680 1.386655e-02
361.484680 1.392378e-02
363.484680 1.398114e-02
365.484680 1.403862e-02
367.484680 1.409621e-02
369.484680 1.415393e-02
371.484680 1.421176e-02
373.484680 1.426972e-02
375.484680 1.432779e-02
377.484680 1.438597e-02
379.484680 1.444428e-02
381.484680 1.450269e-02
383.484680 1.456123e-02
385.484680 1.461987e-02
387.484680 1.467863e-02
389.484680 1.473750e-02
391.484680 1.479648e-02
393.484680 1.485557e-02
395.484680 1.491477e-02
397.484680 1.497407e-02
399.484680 1.503349e-02
401.484680 1.509300e-02
403.484680 1.515262e-02
405.484680 1.521235e-02
407.484680 1.527216e-02
409.484680 1.533207e-02
411.484680 1.539209e-02
413.484680 1.545219e-02
415.484680 1.551240e-02
417.484680 1.557269e-02
419.484680 1.563307e-02
421.484680 1.569355e-02
423.484680 1.575412e-02
425.484680 1.581479e-02
427.484680 1.587558e-02
429.484680 1.593647e-02
431.484680 1.599747e-02
433.484680 1.605858e-02
435.484680 1.611978e-02
437.484680 1.618110e-02
439.484680 1.624251e-02
441.484680 1.630402e-02
443.484680 1.636564e-02
445.484680 1.642734e-02
447.484680 1.648915e-02
449.484680 1.655105e-02
451.484680 1.661304e-02
453.484680 1.667513e-02
455.484680 1.673731e-02
457.484680 1.679958e-02
459.484680 1.686194e-02
461.484680 1.692439e-02
463.484680 1.698692e-02
465.484680 1.704952e-02
467.484680 1.711220e-02
469.484680 1.717496e-02
471.484680 1.723778e-02
473.484680 1.730069e-02
475.484680 1.736365e-02
477.484680 1.742668e-02
479.484680 1.748979e-02
481.484680 1.755295e-02
483.484680 1.761617e-02
485.484680 1.767946e-02
487.484680 1.774280e-02
489.484680 1.780619e-02
491.484680 1.786965e-02
493.484680 1.793315e-02
495.484680 1.799672e-02
497.484680 1.806033e-02
499.484680 1.812398e-02
501.484680 1.818770e-02
503.484680 1.825143e-02
505.484680 1.831520e-02
507.484680 1.837902e-02
509.484680 1.844286e-02
511.484680 1.850674e-02
513.484680 1.857065e-02
515.484680 1.863459e-02
517.484680 1.869856e-02
519.484680 1.876255e-02
521.484680 1.882657e-02
523.484680 1.889061e-02
525.484680 1.895468e-02
527.484680 1.901876e-02
529.484680 1.908287e-02
531.484680 1.914700e-02
533.484680 1.921115e-02
535.484680 1.927531e-02
537.484680 1.937074e-02
539.484680 2.001642e-02
541.484680 1.960962e-02
543.484680 1.952294e-02
545.484680 1.993194e-02
547.484680 1.968165e-02
549.484680 2.033772e-02
551.484680 1.992380e-02
553.484680 1.983005e-02
555.484680 2.024939e-02
557.484680 1.999199e-02
559.484680 2.065843e-02
561.484680 2.023736e-02
563.484680 2.013651e-02
565.484680 2.056617e-02
567.484680 2.030162e-02
569.484680 2.097840e-02
571.484680 2.055017e-02
573.484680 2.044218e-02
575.484680 2.088214e-02
577.484680 2.061047e-02
579.484680 2.129774e-02
581.484680 2.086233e-02
583.484680 2.074711e-02
585.484680 2.119777e-02
587.484680 2.091878e-02
589.484680 2.161680e-02
591.484680 2.117401e-02
593.484680 2.105146e-02
595.484680 2.151284e-02
597.484680 2.122648e-02
599.484680 2.193527e-02
601.484680 2.148509e-02
603.484680 2.135519e-02
605.484680 2.182729e-02
607.484680 2.153356e-02
609.484680 2.225312e-02
611.484680 2.179553e-02
613.484680 2.165828e-02
615.484680 2.214111e-02
617.484680 2.184000e-02
619.484680 2.257033e-02
621.484680 2.210533e-02
623.484680 2.196072e-02
625.484680 2.245430e-02
627.484680 2.214579e-02
629.484680 2.288691e-02
631.484680 2.241450e-02
633.484680 2.226251e-02
635.484680 2.276685e-02
637.484680 2.245095e-02
639.484680 2.320286e-02
641.484680 2.272302e-02
643.484680 2.256366e-02
645.484680 2.307876e-02
647.484680 2.275546e-02
649.484680 2.351816e-02
651.484680 2.303091e-02
653.484680 2.286417e-02
655.484680 2.339004e-02
657.484680 2.305933e-02
659.484680 2.383284e-02
661.484680 2.333817e-02
663.484680 2.316403e-02
665.484680 2.370068e-02
667.484680 2.336257e-02
669.484680 2.414689e-02
671.484680 2.364478e-02
673.484680 2.346325e-02
675.484680 2.401067e-02
677.484680 2.366515e-02
679.484680 2.446027e-02
681.484680 2.395071e-02
683.484680 2.376180e-02
685.484680 2.431999e-02
687.484680 2.396703e-02
689.484680 2.477297e-02
691.484680 2.425596e-02
693.484680 2.405964e-02
695.484680 2.462862e-02
697.484680 2.426822e-02
699.484680 2.508504e-02
701.484680 2.456054e-02
703.484680 2.435676e-02
705.484680 2.493660e-02
707.484680 2.456871e-02
709.484680 2.539641e-02
711.484680 2.486439e-02
713.484680 2.465315e-02
715.484680 2.524382e-02
717.484680 2.486843e-02
719.484680 2.570700e-02
721.484680 2.516746e-02
723.484680 2.494873e-02
725.484680 2.555024e-02
727.484680 2.516733e-02
729.484680 2.601677e-02
731.484680 2.546969e-02
733.484680 2.524345e-02
735.484680 2.585580e-02
737.484680 2.546536e-02
739.484680 2.632567e-02
741.484680 2.577102e-02
743.484680 2.553725e-02
745.484680 2.616045e-02
747.484680 2.576245e-02
749.484680 2.568537e-02
751.484680 2.607140e-02
753.484680 2.583008e-02
755.484680 2.646411e-02
757.484680 2.605854e-02
759.484680 2.597394e-02
761.484680 2.637077e-02
763.484680 2.612190e-02
765.484680 2.676677e-02
767.484680 2.635362e-02
769.484680 2.626148e-02
771.484680 2.666912e-02
773.484680 2.641269e-02
775.484680 2.706842e-02
777.484680 2.664767e-02
779.484680 2.654798e-02
781.484680 2.696645e-02
783.484680 2.670245e-02
785.484680 2.736905e-02
787.484680 2.694070e-02
789.484680 2.683346e-02
791.484680 2.726277e-02
793.484680 2.699118e-02
795.484680 2.766865e-02
797.484680 2.723270e-02
799.484680 2.711790e-02
801.484680 2.755805e-02
803.484680 2.727888e-02
805.484680 2.796726e-02
807.484680 2.752371e-02
809.484680 2.740137e-02
811.484680 2.785239e-02
813.484680 2.756566e-02
815.484680 2.826493e-02
817.484680 2.781379e-02
819.484680 2.768392e-02
821.484680 2.814581e-02
823.484680 2.785151e-02
825.484680 2.856169e-02
827.484680 2.810297e-02
829.484680 2.796555e-02
831.484680 2.843830e-02
833.484680 2.813645e-02
835.484680 2.885752e-02
837.484680 2.839122e-02
839.484680 2.824626e-02
841.484680 2.872989e-02
843.484680 2.842048e-02
845.484680 2.915246e-02
847.484680 2.867857e-02
849.484680 2.852607e-02
851.484680 2.902056e-02
853.484680 2.870358e-02
