3800.00 0.000000
3800.50 0.085587
3801.00 0.485920
3801.50 0.538563
3802.00 0.590510
3802.50 0.641105
3803.00 0.689799
3803.50 0.732674
3804.00 0.772228
3804.50 0.807004
3805.00 0.837225
3805.50 0.863827
3806.00 0.883666
3806.50 0.902764
3807.00 0.920478
3807.50 0.934971
3808.00 0.948492
3808.50 0.961104
3809.00 0.970902
3809.50 0.978761
3810.00 0.987865
3810.50 0.995236
3811.00 0.998389
3811.50 1.000695
3812.00 1.001926
3812.50 1.000543
3813.00 0.997429
3813.50 0.991901
3814.00 0.987532
3814.50 0.984689
3815.00 0.986174
3815.50 0.988744
3816.00 0.992695
3816.50 0.996226
3817.00 0.999262
3817.50 1.000766
3818.00 1.000360
3818.50 0.996069
3819.00 0.983933
3819.50 0.970629
3820.00 0.961998
3820.50 0.957127
3821.00 0.957081
3821.50 0.962374
3822.00 0.968044
3822.50 0.970931
3823.00 0.970107
3823.50 0.965172
3824.00 0.954912
3824.50 0.942937
3825.00 0.929197
3825.50 0.915709
3826.00 0.902497
3826.50 0.889624
3827.00 0.875632
3827.50 0.859211
3828.00 0.839996
3828.50 0.818082
3829.00 0.790619
3829.50 0.762576
3830.00 0.733097
3830.50 0.699658
3831.00 0.662898
3831.50 0.618678
3832.00 0.570750
3832.50 0.518852
3833.00 0.467866
3833.50 0.417632
3834.00 0.369773
3834.50 0.326964
3835.00 0.292834
3835.50 0.278617
3836.00 0.278290
3836.50 0.303783
3837.00 0.338534
3837.50 0.381336
3838.00 0.428720
3838.50 0.477387
3839.00 0.527404
3839.50 0.577348
3840.00 0.626190
3840.50 0.669860
3841.00 0.710782
3841.50 0.747202
3842.00 0.781105
3842.50 0.812325
3843.00 0.836692
3843.50 0.858163
3844.00 0.875060
3844.50 0.888796
3845.00 0.901137
3845.50 0.912903
3846.00 0.924460
3846.50 0.935262
3847.00 0.943433
3847.50 0.949381
3848.00 0.951090
3848.50 0.952249
3849.00 0.953053
3849.50 0.954771
3850.00 0.958159
3850.50 0.965248
3851.00 0.973694
3851.50 0.982262
3852.00 0.986051
3852.50 0.985605
3853.00 0.978740
3853.50 0.974182
3854.00 0.971646
3854.50 0.971232
3855.00 0.967922
3855.50 0.960532
3856.00 0.956616
3856.50 0.957018
3857.00 0.969503
3857.50 0.982161
3858.00 0.993594
3858.50 0.998237
3859.00 0.999162
3859.50 0.995871
3860.00 0.994035
3860.50 0.993734
3861.00 0.993045
3861.50 0.989269
3862.00 0.977512
3862.50 0.969535
3863.00 0.967041
3863.50 0.974399
3864.00 0.982903
3864.50 0.988936
3865.00 0.990983
3865.50 0.990153
3866.00 0.989649
3866.50 0.990163
3867.00 0.992486
3867.50 0.994391
3868.00 0.996399
3868.50 0.999832
3869.00 1.002210
3869.50 1.002614
3870.00 1.001485
3870.50 0.999118
3871.00 0.994448
3871.50 0.988868
3872.00 0.982269
3872.50 0.976244
3873.00 0.972076
3873.50 0.973512
3874.00 0.975134
3874.50 0.976431
3875.00 0.975217
3875.50 0.972579
3876.00 0.967539
3876.50 0.960201
3877.00 0.950572
3877.50 0.939293
3878.00 0.927750
3878.50 0.916649
3879.00 0.907681
3879.50 0.899798
3880.00 0.889878
3880.50 0.877825
3881.00 0.861616
3881.50 0.842168
3882.00 0.819952
3882.50 0.793228
3883.00 0.764720
3883.50 0.732929
3884.00 0.697000
3884.50 0.657772
3885.00 0.612520
3885.50 0.565824
3886.00 0.517076
3886.50 0.466534
3887.00 0.415368
3887.50 0.364994
3888.00 0.319209
3888.50 0.282474
3889.00 0.268421
3889.50 0.270033
3890.00 0.300541
3890.50 0.340987
3891.00 0.389742
3891.50 0.440183
3892.00 0.490477
3892.50 0.539642
3893.00 0.587272
3893.50 0.632815
3894.00 0.673038
3894.50 0.710012
3895.00 0.741922
3895.50 0.771369
3896.00 0.798843
3896.50 0.822916
3897.00 0.844416
3897.50 0.861876
3898.00 0.876014
3898.50 0.887710
3899.00 0.894685
3899.50 0.899567
3900.00 0.902821
3900.50 0.909422
3901.00 0.918595
3901.50 0.932068
3902.00 0.942744
3902.50 0.950171
3903.00 0.954339
3903.50 0.957407
3904.00 0.959004
3904.50 0.958008
3905.00 0.955164
3905.50 0.953296
3906.00 0.955063
3906.50 0.963945
3907.00 0.975851
3907.50 0.987691
3908.00 0.991497
3908.50 0.994803
3909.00 0.997481
3909.50 0.998512
3910.00 0.998663
3910.50 0.998327
3911.00 0.998125
3911.50 0.997495
3912.00 0.993966
3912.50 0.988162
3913.00 0.978990
3913.50 0.973633
3914.00 0.973291
3914.50 0.978827
3915.00 0.985706
3915.50 0.992185
3916.00 0.997039
3916.50 0.999964
3917.00 1.000069
3917.50 0.999340
3918.00 0.997834
3918.50 0.996486
3919.00 0.995102
3919.50 0.993205
3920.00 0.991867
3920.50 0.991889
3921.00 0.993755
3921.50 0.996156
3922.00 0.996865
3922.50 0.997598
3923.00 0.998374
3923.50 0.999183
3924.00 0.999846
3924.50 0.999728
3925.00 0.998293
3925.50 0.995811
3926.00 0.994919
3926.50 0.994212
3927.00 0.993074
3927.50 0.993292
3928.00 0.994726
3928.50 0.996116
3929.00 0.996048
3929.50 0.992834
3930.00 0.989538
3930.50 0.986506
3931.00 0.984274
3931.50 0.977585
3932.00 0.959042
3932.50 0.921138
3933.00 0.877024
3933.50 0.855948
3934.00 0.860635
3934.50 0.899580
3935.00 0.937259
3935.50 0.968931
3936.00 0.980458
3936.50 0.988197
3937.00 0.990548
3937.50 0.987776
3938.00 0.983769
3938.50 0.981463
3939.00 0.983618
3939.50 0.989542
3940.00 0.994566
3940.50 0.998308
3941.00 0.999323
3941.50 0.998728
3942.00 0.996961
3942.50 0.995055
3943.00 0.992188
3943.50 0.988074
3944.00 0.986133
3944.50 0.986050
3945.00 0.988735
3945.50 0.990607
3946.00 0.990611
3946.50 0.987535
3947.00 0.983735
3947.50 0.982201
3948.00 0.982349
3948.50 0.984595
3949.00 0.987539
3949.50 0.989182
3950.00 0.986583
3950.50 0.984634
3951.00 0.983248
3951.50 0.981800
3952.00 0.980325
3952.50 0.978789
3953.00 0.977103
3953.50 0.975218
3954.00 0.972805
3954.50 0.969704
3955.00 0.965452
3955.50 0.961066
3956.00 0.956586
3956.50 0.952044
3957.00 0.947617
3957.50 0.943137
3958.00 0.937616
3958.50 0.931283
3959.00 0.923086
3959.50 0.912207
3960.00 0.898039
3960.50 0.882092
3961.00 0.865834
3961.50 0.850261
3962.00 0.835662
3962.50 0.820625
3963.00 0.799661
3963.50 0.775737
3964.00 0.747132
3964.50 0.714823
3965.00 0.679178
3965.50 0.639774
3966.00 0.597618
3966.50 0.550260
3967.00 0.497191
3967.50 0.440559
3968.00 0.382275
3968.50 0.329524
3969.00 0.287629
3969.50 0.263153
3970.00 0.253722
3970.50 0.274976
3971.00 0.308194
3971.50 0.354597
3972.00 0.405143
3972.50 0.455785
3973.00 0.503680
3973.50 0.549997
3974.00 0.594545
3974.50 0.636610
3975.00 0.676889
3975.50 0.713772
3976.00 0.747417
3976.50 0.777633
3977.00 0.801190
3977.50 0.822591
3978.00 0.840989
3978.50 0.857793
3979.00 0.873256
3979.50 0.886238
3980.00 0.898962
3980.50 0.910938
3981.00 0.920787
3981.50 0.929325
3982.00 0.935981
3982.50 0.942613
3983.00 0.949116
3983.50 0.955093
3984.00 0.960516
3984.50 0.964801
3985.00 0.968374
3985.50 0.970941
3986.00 0.971473
3986.50 0.973226
3987.00 0.977357
3987.50 0.981048
3988.00 0.984339
3988.50 0.986747
3989.00 0.988149
3989.50 0.988247
3990.00 0.988448
3990.50 0.989237
3991.00 0.991831
3991.50 0.994042
3992.00 0.995595
3992.50 0.995978
3993.00 0.996234
3993.50 0.996836
3994.00 0.996824
3994.50 0.996271
3995.00 0.995549
3995.50 0.994926
3996.00 0.994692
3996.50 0.995185
3997.00 0.996031
3997.50 0.996542
3998.00 0.997553
3998.50 0.999191
3999.00 1.000017
3999.50 1.000335
4000.00 0.999889
4000.50 0.998224
4001.00 0.994787
4001.50 0.990017
4002.00 0.986087
4002.50 0.985993
4003.00 0.988061
4003.50 0.991452
4004.00 0.992262
4004.50 0.991732
4005.00 0.989766
4005.50 0.989845
4006.00 0.991776
4006.50 0.995580
4007.00 0.997844
4007.50 0.997172
4008.00 0.995797
4008.50 0.993823
4009.00 0.991126
4009.50 0.989981
4010.00 0.990875
4010.50 0.992515
4011.00 0.992608
4011.50 0.987785
4012.00 0.985549
4012.50 0.986210
4013.00 0.989015
4013.50 0.991769
4014.00 0.993056
4014.50 0.992789
4015.00 0.991857
4015.50 0.992909
4016.00 0.994142
4016.50 0.995380
4017.00 0.996607
4017.50 0.997665
4018.00 0.998078
4018.50 0.998793
4019.00 0.999507
4019.50 0.998456
4020.00 0.997382
4020.50 0.998015
4021.00 0.997725
4021.50 0.996560
4022.00 0.995215
4022.50 0.992634
4023.00 0.987168
4023.50 0.981067
4024.00 0.974005
4024.50 0.964789
4025.00 0.955475
4025.50 0.947705
4026.00 0.946575
4026.50 0.950787
4027.00 0.963075
4027.50 0.973803
4028.00 0.981848
4028.50 0.987058
4029.00 0.990963
4029.50 0.993569
4030.00 0.994875
4030.50 0.994844
4031.00 0.994284
4031.50 0.993474
4032.00 0.992343
4032.50 0.991074
4033.00 0.990307
4033.50 0.992167
4034.00 0.994582
4034.50 0.997103
4035.00 0.997695
4035.50 0.997297
4036.00 0.996625
4036.50 0.996067
4037.00 0.995685
4037.50 0.995487
4038.00 0.995475
4038.50 0.995911
4039.00 0.996859
4039.50 0.998069
4040.00 0.998435
4040.50 0.998779
4041.00 0.999401
4041.50 0.999840
4042.00 1.000090
4042.50 0.999908
4043.00 0.998847
4043.50 0.996177
4044.00 0.992221
4044.50 0.987074
4045.00 0.980211
4045.50 0.977051
4046.00 0.979120
4046.50 0.985530
4047.00 0.992217
4047.50 0.995623
4048.00 0.995065
4048.50 0.991815
4049.00 0.991508
4049.50 0.992593
4050.00 0.995032
4050.50 0.995060
4051.00 0.993471
4051.50 0.991249
4052.00 0.989372
4052.50 0.988032
4053.00 0.986838
4053.50 0.986125
4054.00 0.987056
4054.50 0.989377
4055.00 0.992966
4055.50 0.995654
4056.00 0.996170
4056.50 0.992651
4057.00 0.991948
4057.50 0.993271
4058.00 0.994316
4058.50 0.995446
4059.00 0.996830
4059.50 0.998514
4060.00 0.999625
4060.50 0.997734
4061.00 0.995960
4061.50 0.994184
4062.00 0.991704
4062.50 0.988589
4063.00 0.984611
4063.50 0.982430
4064.00 0.982939
4064.50 0.987916
4065.00 0.992181
4065.50 0.992753
4066.00 0.990513
4066.50 0.986988
4067.00 0.985661
4067.50 0.986662
4068.00 0.990758
4068.50 0.994729
4069.00 0.996851
4069.50 0.992992
4070.00 0.989374
4070.50 0.985863
4071.00 0.981852
4071.50 0.979022
4072.00 0.979853
4072.50 0.983396
4073.00 0.988599
4073.50 0.991805
4074.00 0.992365
4074.50 0.988880
4075.00 0.985995
4075.50 0.983146
4076.00 0.979308
4076.50 0.976074
4077.00 0.974107
4077.50 0.974759
4078.00 0.977195
4078.50 0.981952
4079.00 0.985413
4079.50 0.987195
4080.00 0.986459
4080.50 0.984789
4081.00 0.982256
4081.50 0.980655
4082.00 0.979324
4082.50 0.976918
4083.00 0.974783
4083.50 0.972999
4084.00 0.971009
4084.50 0.968841
4085.00 0.966248
4085.50 0.963138
4086.00 0.959500
4086.50 0.955705
4087.00 0.952489
4087.50 0.950306
4088.00 0.946851
4088.50 0.942101
4089.00 0.935516
4089.50 0.929216
4090.00 0.923172
4090.50 0.915576
4091.00 0.906895
4091.50 0.896471
4092.00 0.884375
4092.50 0.870273
4093.00 0.854939
4093.50 0.838317
4094.00 0.819194
4094.50 0.798782
4095.00 0.776004
4095.50 0.746952
4096.00 0.716431
4096.50 0.683780
4097.00 0.647618
4097.50 0.608726
4098.00 0.565674
4098.50 0.521755
4099.00 0.476120
4099.50 0.427190
4100.00 0.377460
4100.50 0.329677
4101.00 0.290640
4101.50 0.265787
4102.00 0.274691
4102.50 0.299880
4103.00 0.346073
4103.50 0.395089
4104.00 0.444962
4104.50 0.492347
4105.00 0.538503
4105.50 0.582555
4106.00 0.623261
4106.50 0.661705
4107.00 0.696192
4107.50 0.728385
4108.00 0.757544
4108.50 0.781036
4109.00 0.801820
4109.50 0.818799
4110.00 0.834780
4110.50 0.850085
4111.00 0.864579
4111.50 0.878174
4112.00 0.890749
4112.50 0.903201
4113.00 0.914474
4113.50 0.922646
4114.00 0.930270
4114.50 0.937194
4115.00 0.942935
4115.50 0.948406
4116.00 0.953579
4116.50 0.958410
4117.00 0.962291
4117.50 0.963049
4118.00 0.963615
4118.50 0.964121
4119.00 0.965331
4119.50 0.966637
4120.00 0.967558
4120.50 0.968129
4121.00 0.968401
4121.50 0.968537
4122.00 0.968520
4122.50 0.968871
4123.00 0.972043
4123.50 0.976527
4124.00 0.980251
4124.50 0.982994
4125.00 0.984366
4125.50 0.984443
4126.00 0.982442
4126.50 0.975010
4127.00 0.961578
4127.50 0.945475
4128.00 0.937945
4128.50 0.939507
4129.00 0.952824
4129.50 0.958058
4130.00 0.956462
4130.50 0.945377
4131.00 0.942711
4131.50 0.950589
4132.00 0.964749
4132.50 0.978301
4133.00 0.985999
4133.50 0.990081
4134.00 0.991486
4134.50 0.992177
4135.00 0.992916
4135.50 0.993586
4136.00 0.993160
4136.50 0.992287
4137.00 0.991682
4137.50 0.991725
4138.00 0.992445
4138.50 0.993291
4139.00 0.994638
4139.50 0.996678
4140.00 0.997073
4140.50 0.996627
4141.00 0.996906
4141.50 0.995868
4142.00 0.992290
4142.50 0.985869
4143.00 0.979152
4143.50 0.975407
4144.00 0.974603
4144.50 0.976943
4145.00 0.981246
4145.50 0.984891
4146.00 0.986866
4146.50 0.990106
4147.00 0.993686
4147.50 0.995565
4148.00 0.996601
4148.50 0.996789
4149.00 0.997604
4149.50 0.997941
4150.00 0.996442
4150.50 0.994870
4151.00 0.993854
4151.50 0.995316
4152.00 0.996324
4152.50 0.996025
4153.00 0.995791
4153.50 0.995640
4154.00 0.995715
4154.50 0.995997
4155.00 0.996692
4155.50 0.998126
4156.00 0.999001
4156.50 0.998331
4157.00 0.998830
4157.50 0.999702
4158.00 0.998711
4158.50 0.997714
4159.00 0.997050
4159.50 0.996856
4160.00 0.996879
4160.50 0.996885
4161.00 0.996253
4161.50 0.994850
4162.00 0.992498
4162.50 0.988867
4163.00 0.983977
4163.50 0.983339
4164.00 0.985808
4164.50 0.990810
4165.00 0.994887
4165.50 0.997217
4166.00 0.997180
4166.50 0.995938
4167.00 0.993769
4167.50 0.993396
4168.00 0.994386
4168.50 0.995387
4169.00 0.996533
4169.50 0.997447
4170.00 0.996196
4170.50 0.993310
4171.00 0.988195
4171.50 0.982511
4172.00 0.976254
4172.50 0.970113
4173.00 0.965409
4173.50 0.965120
4174.00 0.971818
4174.50 0.982420
4175.00 0.990747
4175.50 0.996454
4176.00 0.997609
4176.50 0.992821
4177.00 0.985119
4177.50 0.975028
4178.00 0.965951
4178.50 0.959769
4179.00 0.962747
4179.50 0.970230
4180.00 0.982504
4180.50 0.990890
4181.00 0.995999
4181.50 0.995782
4182.00 0.995154
4182.50 0.994415
4183.00 0.994923
4183.50 0.995627
4184.00 0.996228
4184.50 0.997085
4185.00 0.997884
4185.50 0.997707
4186.00 0.996767
4186.50 0.994562
4187.00 0.991050
4187.50 0.988716
4188.00 0.990674
4188.50 0.993818
4189.00 0.997428
4189.50 0.998944
4190.00 0.998693
4190.50 0.996195
4191.00 0.994490
4191.50 0.993636
4192.00 0.994468
4192.50 0.995757
4193.00 0.997375
4193.50 0.998514
4194.00 0.999096
4194.50 0.998849
4195.00 0.998787
4195.50 0.998806
4196.00 0.998736
4196.50 0.998651
4197.00 0.998047
4197.50 0.995291
4198.00 0.992261
4198.50 0.990165
4199.00 0.989019
4199.50 0.988837
4200.00 0.989841
4200.50 0.990191
4201.00 0.989453
4201.50 0.988321
4202.00 0.988211
4202.50 0.991331
4203.00 0.994331
4203.50 0.996736
4204.00 0.997024
4204.50 0.996632
4205.00 0.995604
4205.50 0.994881
4206.00 0.994623
4206.50 0.995465
4207.00 0.996168
4207.50 0.996736
4208.00 0.997288
4208.50 0.997853
4209.00 0.998369
4209.50 0.998504
4210.00 0.998392
4210.50 0.998172
4211.00 0.998126
4211.50 0.998433
4212.00 0.999360
4212.50 1.000094
4213.00 0.999843
4213.50 0.998772
4214.00 0.997178
4214.50 0.995579
4215.00 0.993679
4215.50 0.992040
4216.00 0.993230
4216.50 0.995123
4217.00 0.996284
4217.50 0.997409
4218.00 0.998276
4218.50 0.998143
4219.00 0.997704
4219.50 0.997251
4220.00 0.998074
4220.50 0.999043
4221.00 0.998869
4221.50 0.998725
4222.00 0.998296
4222.50 0.996622
4223.00 0.995139
4223.50 0.994025
4224.00 0.991725
4224.50 0.989534
4225.00 0.989803
4225.50 0.990537
4226.00 0.991473
4226.50 0.991459
4227.00 0.991828
4227.50 0.993474
4228.00 0.995911
4228.50 0.998279
4229.00 0.998743
4229.50 0.999314
4230.00 0.999728
4230.50 0.998885
4231.00 0.996950
4231.50 0.991882
4232.00 0.980243
4232.50 0.965470
4233.00 0.956017
4233.50 0.956980
4234.00 0.969849
4234.50 0.982104
4235.00 0.990909
4235.50 0.992091
4236.00 0.993323
4236.50 0.994734
4237.00 0.996490
4237.50 0.996858
4238.00 0.995586
4238.50 0.995315
4239.00 0.995700
4239.50 0.996745
4240.00 0.996936
4240.50 0.995701
4241.00 0.990890
4241.50 0.984562
4242.00 0.977819
4242.50 0.976875
4243.00 0.979842
4243.50 0.987272
4244.00 0.992389
4244.50 0.994985
4245.00 0.994319
4245.50 0.992860
4246.00 0.990777
4246.50 0.988898
4247.00 0.987999
4247.50 0.989876
4248.00 0.992728
4248.50 0.995445
4249.00 0.994345
4249.50 0.992490
4250.00 0.990326
4250.50 0.989171
4251.00 0.988524
4251.50 0.988031
4252.00 0.987103
4252.50 0.986264
4253.00 0.987374
4253.50 0.989020
4254.00 0.991099
4254.50 0.993159
4255.00 0.995001
4255.50 0.996195
4256.00 0.997423
4256.50 0.997696
4257.00 0.993994
4257.50 0.990266
4258.00 0.988048
4258.50 0.987819
4259.00 0.988380
4259.50 0.988277
4260.00 0.987041
4260.50 0.984602
4261.00 0.981771
4261.50 0.980747
4262.00 0.983319
4262.50 0.987519
4263.00 0.992266
4263.50 0.995951
4264.00 0.997749
4264.50 0.998033
4265.00 0.999051
4265.50 0.998832
4266.00 0.996217
4266.50 0.993410
4267.00 0.990988
4267.50 0.990353
4268.00 0.990861
4268.50 0.992046
4269.00 0.991624
4269.50 0.990732
4270.00 0.989398
4270.50 0.987629
4271.00 0.984756
4271.50 0.979546
4272.00 0.977665
4272.50 0.978843
4273.00 0.980712
4273.50 0.983073
4274.00 0.985650
4274.50 0.986300
4275.00 0.985789
4275.50 0.984859
4276.00 0.986857
4276.50 0.990786
4277.00 0.992047
4277.50 0.992421
4278.00 0.992155
4278.50 0.992736
4279.00 0.994036
4279.50 0.996258
4280.00 0.997655
4280.50 0.998289
4281.00 0.998452
4281.50 0.997733
4282.00 0.995759
4282.50 0.993866
4283.00 0.992056
4283.50 0.990428
4284.00 0.988958
4284.50 0.988454
4285.00 0.991338
4285.50 0.994609
4286.00 0.997412
4286.50 0.997856
4287.00 0.997396
4287.50 0.996683
4288.00 0.995039
4288.50 0.992574
4289.00 0.989575
4289.50 0.985686
4290.00 0.981683
4290.50 0.982333
4291.00 0.985947
4291.50 0.992454
4292.00 0.995942
4292.50 0.996021
4293.00 0.990738
4293.50 0.985045
4294.00 0.980697
4294.50 0.982581
4295.00 0.985449
4295.50 0.985613
4296.00 0.983476
4296.50 0.981403
4297.00 0.985468
4297.50 0.989880
4298.00 0.993077
4298.50 0.990282
4299.00 0.983840
4299.50 0.974154
4300.00 0.970358
4300.50 0.970747
4301.00 0.974094
4301.50 0.975049
4302.00 0.972987
4302.50 0.969422
4303.00 0.968268
4303.50 0.972961
4304.00 0.980804
4304.50 0.989103
4305.00 0.992905
4305.50 0.994364
4306.00 0.992657
4306.50 0.987016
4307.00 0.980123
4307.50 0.973463
4308.00 0.972778
4308.50 0.976345
4309.00 0.984230
4309.50 0.990325
4310.00 0.994146
4310.50 0.994704
4311.00 0.993839
4311.50 0.990688
4312.00 0.984608
4312.50 0.977877
4313.00 0.972250
4313.50 0.967159
4314.00 0.963458
4314.50 0.963976
4315.00 0.966403
4315.50 0.971354
4316.00 0.977679
4316.50 0.982794
4317.00 0.984054
4317.50 0.984673
4318.00 0.984615
4318.50 0.983472
4319.00 0.982505
4319.50 0.981054
4320.00 0.976901
4320.50 0.973455
4321.00 0.972707
4321.50 0.972515
4322.00 0.972647
4322.50 0.972499
4323.00 0.970474
4323.50 0.966353
4324.00 0.960395
4324.50 0.952698
4325.00 0.943069
4325.50 0.935273
4326.00 0.930466
4326.50 0.931847
4327.00 0.932821
4327.50 0.932630
4328.00 0.928824
4328.50 0.923099
4329.00 0.914933
4329.50 0.905361
4330.00 0.894872
4330.50 0.883316
4331.00 0.871775
4331.50 0.859682
4332.00 0.845056
4332.50 0.828526
4333.00 0.809016
4333.50 0.785492
4334.00 0.760426
4334.50 0.733641
4335.00 0.705044
4335.50 0.674023
4336.00 0.637609
4336.50 0.598756
4337.00 0.557377
4337.50 0.514713
4338.00 0.471295
4338.50 0.426373
4339.00 0.378974
4339.50 0.333435
4340.00 0.300065
4340.50 0.288474
4341.00 0.300022
4341.50 0.341961
4342.00 0.387874
4342.50 0.436296
4343.00 0.481841
4343.50 0.525227
4344.00 0.565530
4344.50 0.604803
4345.00 0.642403
4345.50 0.675703
4346.00 0.708153
4346.50 0.738686
4347.00 0.764682
4347.50 0.788967
4348.00 0.810683
4348.50 0.827980
4349.00 0.843428
4349.50 0.858119
4350.00 0.868344
4350.50 0.873509
4351.00 0.872740
4351.50 0.874510
4352.00 0.881894
4352.50 0.896934
4353.00 0.913246
4353.50 0.926639
4354.00 0.935173
4354.50 0.941109
4355.00 0.947684
4355.50 0.952675
4356.00 0.955842
4356.50 0.957864
4357.00 0.959229
4357.50 0.960457
4358.00 0.964316
4358.50 0.968864
4359.00 0.972287
4359.50 0.975072
4360.00 0.976840
4360.50 0.976389
4361.00 0.975635
4361.50 0.975031
4362.00 0.976132
4362.50 0.978471
4363.00 0.982140
4363.50 0.984547
4364.00 0.986092
4364.50 0.987127
4365.00 0.988479
4365.50 0.989693
4366.00 0.989016
4366.50 0.987164
4367.00 0.983548
4367.50 0.978467
4368.00 0.974490
4368.50 0.975080
4369.00 0.977388
4369.50 0.981174
4370.00 0.986132
4370.50 0.990946
4371.00 0.994688
4371.50 0.995025
4372.00 0.995455
4372.50 0.996989
4373.00 0.996328
4373.50 0.994590
4374.00 0.993064
4374.50 0.992950
4375.00 0.994248
4375.50 0.996332
4376.00 0.997529
4376.50 0.997454
4377.00 0.997222
4377.50 0.997459
4378.00 0.998627
4378.50 0.999096
4379.00 0.998806
4379.50 0.997554
4380.00 0.998035
4380.50 0.999791
4381.00 0.999867
4381.50 0.998166
4382.00 0.993319
4382.50 0.985111
4383.00 0.974503
4383.50 0.961423
4384.00 0.950673
4384.50 0.943781
4385.00 0.946866
4385.50 0.954982
4386.00 0.967381
4386.50 0.975586
4387.00 0.979824
4387.50 0.979321
4388.00 0.980758
4388.50 0.982863
4389.00 0.983811
4389.50 0.981062
4390.00 0.975950
4390.50 0.973131
4391.00 0.975260
4391.50 0.983112
4392.00 0.991284
4392.50 0.996177
4393.00 0.994043
4393.50 0.988836
4394.00 0.981626
4394.50 0.973838
4395.00 0.970445
4395.50 0.972456
4396.00 0.981844
4396.50 0.990961
4397.00 0.997706
4397.50 0.999119
4398.00 0.998282
4398.50 0.995505
4399.00 0.991795
4399.50 0.988391
4400.00 0.988024
4400.50 0.990199
4401.00 0.994293
4401.50 0.997246
4402.00 0.998613
4402.50 0.997796
4403.00 0.995827
4403.50 0.992943
4404.00 0.989295
4404.50 0.987508
4405.00 0.987545
4405.50 0.990501
4406.00 0.993999
4406.50 0.997391
4407.00 0.998490
4407.50 0.998840
4408.00 0.998702
4408.50 0.999315
4409.00 0.999357
4409.50 0.997839
4410.00 0.996979
4410.50 0.996406
4411.00 0.995855
4411.50 0.996461
4412.00 0.997922
4412.50 0.998771
4413.00 0.998908
4413.50 0.997881
4414.00 0.995778
4414.50 0.993428
4415.00 0.990714
4415.50 0.985679
4416.00 0.978779
4416.50 0.970747
4417.00 0.967502
4417.50 0.969601
4418.00 0.976690
4418.50 0.984798
4419.00 0.992655
4419.50 0.996894
4420.00 0.999235
4420.50 0.999855
4421.00 1.000264
4421.50 0.999955
4422.00 0.997905
4422.50 0.996937
4423.00 0.997245
4423.50 0.998966
4424.00 0.999976
4424.50 0.999746
4425.00 0.998730
4425.50 0.997352
4426.00 0.995531
4426.50 0.993079
4427.00 0.991009
4427.50 0.990924
4428.00 0.990635
4428.50 0.990844
4429.00 0.993424
4429.50 0.995376
4430.00 0.996284
4430.50 0.996822
4431.00 0.997589
4431.50 0.998521
4432.00 0.997744
4432.50 0.996002
4433.00 0.993512
4433.50 0.990342
4434.00 0.987338
4434.50 0.987298
4435.00 0.989836
4435.50 0.993907
4436.00 0.993866
4436.50 0.993832
4437.00 0.995096
4437.50 0.996372
4438.00 0.997801
4438.50 0.999438
4439.00 1.000324
4439.50 1.000529
4440.00 1.000043
4440.50 0.999780
4441.00 0.999477
4441.50 0.997915
4442.00 0.994538
4442.50 0.988562
4443.00 0.981784
4443.50 0.976562
4444.00 0.976240
4444.50 0.980943
4445.00 0.988179
4445.50 0.994229
4446.00 0.998139
4446.50 0.999335
4447.00 0.997154
4447.50 0.996426
4448.00 0.997550
4448.50 0.997763
4449.00 0.996873
4449.50 0.994331
4450.00 0.991712
4450.50 0.990035
4451.00 0.991012
4451.50 0.992124
4452.00 0.993768
4452.50 0.996918
4453.00 0.999310
4453.50 1.000421
4454.00 0.999725
4454.50 0.998710
4455.00 0.997959
4455.50 0.998377
4456.00 0.999550
4456.50 1.001269
4457.00 1.001908
4457.50 1.001927
4458.00 1.002049
4458.50 1.003040
4459.00 1.004487
4459.50 1.004675
4460.00 1.003409
4460.50 1.000742
4461.00 0.999075
4461.50 0.998118
4462.00 0.998337
4462.50 0.999739
4463.00 1.001194
4463.50 1.001240
4464.00 1.000759
4464.50 1.000019
4465.00 0.999936
4465.50 1.000906
4466.00 1.002285
4466.50 1.000800
4467.00 0.996748
4467.50 0.989508
4468.00 0.982248
4468.50 0.977273
4469.00 0.977691
4469.50 0.980292
4470.00 0.981305
4470.50 0.973745
4471.00 0.965341
4471.50 0.959215
4472.00 0.964636
4472.50 0.972884
4473.00 0.982845
4473.50 0.989354
4474.00 0.994226
4474.50 0.997198
4475.00 0.998801
4475.50 0.999207
4476.00 0.998312
4476.50 0.998767
4477.00 0.999428
4477.50 0.998211
4478.00 0.996753
4478.50 0.994326
4479.00 0.986939
4479.50 0.968425
4480.00 0.934559
4480.50 0.891273
4481.00 0.861552
4481.50 0.865235
4482.00 0.899797
4482.50 0.942597
4483.00 0.973089
4483.50 0.988294
4484.00 0.993223
4484.50 0.994902
4485.00 0.996544
4485.50 0.997850
4486.00 0.997698
4486.50 0.995841
4487.00 0.992146
4487.50 0.988699
4488.00 0.984438
4488.50 0.979187
4489.00 0.976076
4489.50 0.975191
4490.00 0.977438
4490.50 0.978521
4491.00 0.978439
4491.50 0.977705
4492.00 0.981546
4492.50 0.988490
4493.00 0.992182
4493.50 0.993898
4494.00 0.993814
4494.50 0.994852
4495.00 0.996301
4495.50 0.997898
4496.00 0.998864
4496.50 0.999254
4497.00 0.998923
4497.50 0.998938
4498.00 0.998819
4498.50 0.997448
4499.00 0.995417
4499.50 0.992088
4500.00 0.986096
4500.50 0.980518
4501.00 0.976887
4501.50 0.978368
4502.00 0.982318
4502.50 0.988441
4503.00 0.993508
4503.50 0.996803
4504.00 0.997109
4504.50 0.997550
4505.00 0.998099
4505.50 0.998474
4506.00 0.997509
4506.50 0.994215
4507.00 0.986015
4507.50 0.977648
4508.00 0.971428
4508.50 0.973518
4509.00 0.978770
4509.50 0.986370
4510.00 0.992346
4510.50 0.995968
4511.00 0.995598
4511.50 0.994508
4512.00 0.994014
4512.50 0.995709
4513.00 0.995576
4513.50 0.993885
4514.00 0.990144
4514.50 0.982504
4515.00 0.973667
4515.50 0.974375
4516.00 0.979237
4516.50 0.987767
4517.00 0.995352
4517.50 1.000102
4518.00 0.999669
4518.50 0.996146
4519.00 0.990438
4519.50 0.983308
4520.00 0.979682
4520.50 0.978754
4521.00 0.979465
4521.50 0.978202
4522.00 0.974970
4522.50 0.971475
4523.00 0.973477
4523.50 0.981120
4524.00 0.988054
4524.50 0.993722
4525.00 0.997097
4525.50 0.997844
4526.00 0.997664
4526.50 0.997513
4527.00 0.998313
4527.50 0.998412
4528.00 0.995787
4528.50 0.994179
4529.00 0.993625
4529.50 0.994779
4530.00 0.997024
4530.50 0.999297
4531.00 0.998188
4531.50 0.997185
4532.00 0.995106
4532.50 0.987007
4533.00 0.976788
4533.50 0.966960
4534.00 0.964881
4534.50 0.968840
4535.00 0.979758
4535.50 0.989941
4536.00 0.997206
4536.50 0.997557
4537.00 0.997572
4537.50 0.997391
4538.00 0.997324
4538.50 0.997259
4539.00 0.996578
4539.50 0.993529
4540.00 0.990013
4540.50 0.986060
4541.00 0.981892
4541.50 0.980243
4542.00 0.983312
4542.50 0.989345
4543.00 0.995284
4543.50 0.998347
4544.00 0.999158
4544.50 0.998763
4545.00 0.998122
4545.50 0.997862
4546.00 0.997859
4546.50 0.997709
4547.00 0.996607
4547.50 0.991903
4548.00 0.976152
4548.50 0.955738
4549.00 0.935262
4549.50 0.932412
4550.00 0.941459
4550.50 0.963311
4551.00 0.981748
4551.50 0.994394
4552.00 0.997328
4552.50 0.998483
4553.00 0.997525
4553.50 0.992680
4554.00 0.985376
4554.50 0.976480
4555.00 0.968137
4555.50 0.964042
4556.00 0.965407
4556.50 0.974000
4557.00 0.979487
4557.50 0.979585
4558.00 0.974231
4558.50 0.970984
4559.00 0.973390
4559.50 0.981910
4560.00 0.991458
4560.50 0.998684
4561.00 1.000584
4561.50 1.000147
4562.00 0.998322
4562.50 0.993365
4563.00 0.987377
4563.50 0.983727
4564.00 0.982615
4564.50 0.984257
4565.00 0.989245
4565.50 0.992906
4566.00 0.995397
4566.50 0.997842
4567.00 0.999600
4567.50 1.000725
4568.00 1.002270
4568.50 1.002884
4569.00 1.002162
4569.50 1.001716
4570.00 0.999473
4570.50 0.993518
4571.00 0.986905
4571.50 0.980750
4572.00 0.978053
4572.50 0.982590
4573.00 0.990672
4573.50 0.996415
4574.00 0.999541
4574.50 0.999539
4575.00 0.995088
4575.50 0.989740
4576.00 0.984622
4576.50 0.983802
4577.00 0.986701
4577.50 0.992603
4578.00 0.995034
4578.50 0.995802
4579.00 0.994991
4579.50 0.993973
4580.00 0.993357
4580.50 0.993453
4581.00 0.992707
4581.50 0.990259
4582.00 0.983418
4582.50 0.971897
4583.00 0.960012
4583.50 0.956254
4584.00 0.961083
4584.50 0.972914
4585.00 0.987113
4585.50 0.996203
4586.00 0.999100
4586.50 0.995827
4587.00 0.989780
4587.50 0.981485
4588.00 0.974673
4588.50 0.972612
4589.00 0.977508
4589.50 0.984500
4590.00 0.989921
4590.50 0.990546
4591.00 0.987553
4591.50 0.984849
4592.00 0.985883
4592.50 0.988081
4593.00 0.990947
4593.50 0.993725
4594.00 0.995135
4594.50 0.995201
4595.00 0.993593
4595.50 0.991776
4596.00 0.990676
4596.50 0.992622
4597.00 0.993839
4597.50 0.994502
4598.00 0.995814
4598.50 0.995747
4599.00 0.994215
4599.50 0.994037
4600.00 0.994053
4600.50 0.993997
4601.00 0.994137
4601.50 0.994804
4602.00 0.995973
4602.50 0.995771
4603.00 0.995382
4603.50 0.995789
4604.00 0.996031
4604.50 0.996349
4605.00 0.996873
4605.50 0.996375
4606.00 0.995340
4606.50 0.995157
4607.00 0.997311
4607.50 1.000211
4608.00 0.999098
4608.50 0.998652
4609.00 0.998820
4609.50 0.998484
4610.00 0.998733
4610.50 0.999091
4611.00 0.997278
4611.50 0.996970
4612.00 0.999087
4612.50 0.999820
4613.00 0.999992
4613.50 1.000064
4614.00 1.000813
4614.50 1.000884
4615.00 0.998681
4615.50 0.995065
4616.00 0.990710
4616.50 0.986516
4617.00 0.983780
4617.50 0.982446
4618.00 0.982834
4618.50 0.983390
4619.00 0.984066
4619.50 0.984743
